CRITICAL - 2022-11-16 00:00:25 --> Undefined variable $getProfil
in APPPATH\Views\front\profil\detail.php on line 42.
 1 APPPATH\Views\front\profil\detail.php(42): CodeIgniter\Debug\Exceptions->errorHandler(2, 'Undefined variable $getProfil', 'APPPATH\\Views\\front\\profil\\detail.php', 42)
 2 SYSTEMPATH\View\View.php(213): include('APPPATH\\Views\\front\\profil\\detail.php')
 3 SYSTEMPATH\View\View.php(216): CodeIgniter\View\View->CodeIgniter\View\{closure}()
 4 SYSTEMPATH\Common.php(1134): CodeIgniter\View\View->render('front/profil/detail', [], true)
 5 APPPATH\Controllers\FrontProfil.php(57): view('front/profil/detail', [...])
 6 SYSTEMPATH\CodeIgniter.php(927): App\Controllers\FrontProfil->detail('5')
 7 SYSTEMPATH\CodeIgniter.php(482): CodeIgniter\CodeIgniter->runController(Object(App\Controllers\FrontProfil))
 8 SYSTEMPATH\CodeIgniter.php(351): CodeIgniter\CodeIgniter->handleRequest(null, Object(Config\Cache), false)
 9 FCPATH\index.php(67): CodeIgniter\CodeIgniter->run()
10 SYSTEMPATH\Commands\Server\rewrite.php(46): require_once('FCPATH\\index.php')
CRITICAL - 2022-11-16 00:02:08 --> Undefined variable $getProfil
in APPPATH\Views\front\profil\detail.php on line 42.
 1 APPPATH\Views\front\profil\detail.php(42): CodeIgniter\Debug\Exceptions->errorHandler(2, 'Undefined variable $getProfil', 'APPPATH\\Views\\front\\profil\\detail.php', 42)
 2 SYSTEMPATH\View\View.php(213): include('APPPATH\\Views\\front\\profil\\detail.php')
 3 SYSTEMPATH\View\View.php(216): CodeIgniter\View\View->CodeIgniter\View\{closure}()
 4 SYSTEMPATH\Common.php(1134): CodeIgniter\View\View->render('front/profil/detail', [], true)
 5 APPPATH\Controllers\FrontProfil.php(58): view('front/profil/detail', [...])
 6 SYSTEMPATH\CodeIgniter.php(927): App\Controllers\FrontProfil->detail('5')
 7 SYSTEMPATH\CodeIgniter.php(482): CodeIgniter\CodeIgniter->runController(Object(App\Controllers\FrontProfil))
 8 SYSTEMPATH\CodeIgniter.php(351): CodeIgniter\CodeIgniter->handleRequest(null, Object(Config\Cache), false)
 9 FCPATH\index.php(67): CodeIgniter\CodeIgniter->run()
10 SYSTEMPATH\Commands\Server\rewrite.php(46): require_once('FCPATH\\index.php')
CRITICAL - 2022-11-16 00:02:41 --> Attempt to read property "nama" on array
in APPPATH\Views\front\profil\detail.php on line 55.
 1 APPPATH\Views\front\profil\detail.php(55): CodeIgniter\Debug\Exceptions->errorHandler(2, 'Attempt to read property "nama" on array', 'APPPATH\\Views\\front\\profil\\detail.php', 55)
 2 SYSTEMPATH\View\View.php(213): include('APPPATH\\Views\\front\\profil\\detail.php')
 3 SYSTEMPATH\View\View.php(216): CodeIgniter\View\View->CodeIgniter\View\{closure}()
 4 SYSTEMPATH\Common.php(1134): CodeIgniter\View\View->render('front/profil/detail', [], true)
 5 APPPATH\Controllers\FrontProfil.php(58): view('front/profil/detail', [...])
 6 SYSTEMPATH\CodeIgniter.php(927): App\Controllers\FrontProfil->detail('74')
 7 SYSTEMPATH\CodeIgniter.php(482): CodeIgniter\CodeIgniter->runController(Object(App\Controllers\FrontProfil))
 8 SYSTEMPATH\CodeIgniter.php(351): CodeIgniter\CodeIgniter->handleRequest(null, Object(Config\Cache), false)
 9 FCPATH\index.php(67): CodeIgniter\CodeIgniter->run()
10 SYSTEMPATH\Commands\Server\rewrite.php(46): require_once('FCPATH\\index.php')
CRITICAL - 2022-11-16 00:04:13 --> Attempt to read property "nama_bumdes" on array
in APPPATH\Views\front\profil\detail.php on line 55.
 1 APPPATH\Views\front\profil\detail.php(55): CodeIgniter\Debug\Exceptions->errorHandler(2, 'Attempt to read property "nama_bumdes" on array', 'APPPATH\\Views\\front\\profil\\detail.php', 55)
 2 SYSTEMPATH\View\View.php(213): include('APPPATH\\Views\\front\\profil\\detail.php')
 3 SYSTEMPATH\View\View.php(216): CodeIgniter\View\View->CodeIgniter\View\{closure}()
 4 SYSTEMPATH\Common.php(1134): CodeIgniter\View\View->render('front/profil/detail', [], true)
 5 APPPATH\Controllers\FrontProfil.php(58): view('front/profil/detail', [...])
 6 SYSTEMPATH\CodeIgniter.php(927): App\Controllers\FrontProfil->detail('74')
 7 SYSTEMPATH\CodeIgniter.php(482): CodeIgniter\CodeIgniter->runController(Object(App\Controllers\FrontProfil))
 8 SYSTEMPATH\CodeIgniter.php(351): CodeIgniter\CodeIgniter->handleRequest(null, Object(Config\Cache), false)
 9 FCPATH\index.php(67): CodeIgniter\CodeIgniter->run()
10 SYSTEMPATH\Commands\Server\rewrite.php(46): require_once('FCPATH\\index.php')
CRITICAL - 2022-11-16 00:09:20 --> Undefined variable $tampilProduct
in APPPATH\Views\front\index.php on line 91.
 1 APPPATH\Views\front\index.php(91): CodeIgniter\Debug\Exceptions->errorHandler(2, 'Undefined variable $tampilProduct', 'APPPATH\\Views\\front\\index.php', 91)
 2 SYSTEMPATH\View\View.php(213): include('APPPATH\\Views\\front\\index.php')
 3 SYSTEMPATH\View\View.php(216): CodeIgniter\View\View->CodeIgniter\View\{closure}()
 4 SYSTEMPATH\Common.php(1134): CodeIgniter\View\View->render('front/index', [], true)
 5 APPPATH\Controllers\Home.php(27): view('front/index', [...])
 6 SYSTEMPATH\CodeIgniter.php(927): App\Controllers\Home->index()
 7 SYSTEMPATH\CodeIgniter.php(482): CodeIgniter\CodeIgniter->runController(Object(App\Controllers\Home))
 8 SYSTEMPATH\CodeIgniter.php(351): CodeIgniter\CodeIgniter->handleRequest(null, Object(Config\Cache), false)
 9 FCPATH\index.php(67): CodeIgniter\CodeIgniter->run()
10 SYSTEMPATH\Commands\Server\rewrite.php(46): require_once('FCPATH\\index.php')
CRITICAL - 2022-11-16 00:10:47 --> Attempt to read property "nama" on array
in APPPATH\Views\front\index.php on line 104.
 1 APPPATH\Views\front\index.php(104): CodeIgniter\Debug\Exceptions->errorHandler(2, 'Attempt to read property "nama" on array', 'APPPATH\\Views\\front\\index.php', 104)
 2 SYSTEMPATH\View\View.php(213): include('APPPATH\\Views\\front\\index.php')
 3 SYSTEMPATH\View\View.php(216): CodeIgniter\View\View->CodeIgniter\View\{closure}()
 4 SYSTEMPATH\Common.php(1134): CodeIgniter\View\View->render('front/index', [], true)
 5 APPPATH\Controllers\Home.php(27): view('front/index', [...])
 6 SYSTEMPATH\CodeIgniter.php(927): App\Controllers\Home->index()
 7 SYSTEMPATH\CodeIgniter.php(482): CodeIgniter\CodeIgniter->runController(Object(App\Controllers\Home))
 8 SYSTEMPATH\CodeIgniter.php(351): CodeIgniter\CodeIgniter->handleRequest(null, Object(Config\Cache), false)
 9 FCPATH\index.php(67): CodeIgniter\CodeIgniter->run()
10 SYSTEMPATH\Commands\Server\rewrite.php(46): require_once('FCPATH\\index.php')
