ERROR - 2022-11-17 01:22:52 --> The cart array must contain a product ID, quantity, price, and name.
ERROR - 2022-11-17 01:23:46 --> The cart array must contain a product ID, quantity, price, and name.
ERROR - 2022-11-17 01:31:32 --> The cart array must contain a product ID, quantity, price, and name.
ERROR - 2022-11-17 01:32:42 --> The cart array must contain a product ID, quantity, price, and name.
ERROR - 2022-11-17 01:34:20 --> The cart array must contain a product ID, quantity, price, and name.
CRITICAL - 2022-11-17 01:41:20 --> Call to undefined method CodeIgniter\Session\Session::get_flashdata()
in APPPATH\Views\front\index.php on line 14.
 1 SYSTEMPATH\View\View.php(213): include()
 2 SYSTEMPATH\View\View.php(216): CodeIgniter\View\View->CodeIgniter\View\{closure}()
 3 SYSTEMPATH\Common.php(1134): CodeIgniter\View\View->render('front/index', [], true)
 4 APPPATH\Controllers\Home.php(28): view('front/index', [...])
 5 SYSTEMPATH\CodeIgniter.php(927): App\Controllers\Home->index()
 6 SYSTEMPATH\CodeIgniter.php(482): CodeIgniter\CodeIgniter->runController(Object(App\Controllers\Home))
 7 SYSTEMPATH\CodeIgniter.php(351): CodeIgniter\CodeIgniter->handleRequest(null, Object(Config\Cache), false)
 8 FCPATH\index.php(67): CodeIgniter\CodeIgniter->run()
 9 SYSTEMPATH\Commands\Server\rewrite.php(46): require_once('FCPATH\\index.php')
ERROR - 2022-11-17 01:43:05 --> The cart array must contain a product ID, quantity, price, and name.
CRITICAL - 2022-11-17 01:43:05 --> Call to undefined method CodeIgniter\Session\Session::set_flashdata()
in APPPATH\Controllers\Home.php on line 52.
 1 SYSTEMPATH\CodeIgniter.php(927): App\Controllers\Home->add()
 2 SYSTEMPATH\CodeIgniter.php(482): CodeIgniter\CodeIgniter->runController(Object(App\Controllers\Home))
 3 SYSTEMPATH\CodeIgniter.php(351): CodeIgniter\CodeIgniter->handleRequest(null, Object(Config\Cache), false)
 4 FCPATH\index.php(67): CodeIgniter\CodeIgniter->run()
 5 SYSTEMPATH\Commands\Server\rewrite.php(46): require_once('FCPATH\\index.php')
ERROR - 2022-11-17 01:43:31 --> The cart array must contain a product ID, quantity, price, and name.
ERROR - 2022-11-17 01:55:43 --> The cart array must contain a product ID, quantity, price, and name.
ERROR - 2022-11-17 02:01:02 --> The cart array must contain a product ID, quantity, price, and name.
ERROR - 2022-11-17 02:02:54 --> The cart array must contain a product ID, quantity, price, and name.
ERROR - 2022-11-17 02:05:11 --> The cart array must contain a product ID, quantity, price, and name.
ERROR - 2022-11-17 02:54:37 --> The cart array must contain a product ID, quantity, price, and name.
ERROR - 2022-11-17 03:10:28 --> The cart array must contain a product ID, quantity, price, and name.
