CRITICAL - 2022-11-08 21:35:33 --> Undefined variable $tampilProduk
in APPPATH\Views\admin\product\index.php on line 33.
 1 APPPATH\Views\admin\product\index.php(33): CodeIgniter\Debug\Exceptions->errorHandler(2, 'Undefined variable $tampilProduk', 'APPPATH\\Views\\admin\\product\\index.php', 33)
 2 SYSTEMPATH\View\View.php(213): include('APPPATH\\Views\\admin\\product\\index.php')
 3 SYSTEMPATH\View\View.php(216): CodeIgniter\View\View->CodeIgniter\View\{closure}()
 4 SYSTEMPATH\Common.php(1134): CodeIgniter\View\View->render('admin/product/index', [], true)
 5 APPPATH\Controllers\Product.php(16): view('admin/product/index')
 6 SYSTEMPATH\CodeIgniter.php(927): App\Controllers\Product->index()
 7 SYSTEMPATH\CodeIgniter.php(482): CodeIgniter\CodeIgniter->runController(Object(App\Controllers\Product))
 8 SYSTEMPATH\CodeIgniter.php(351): CodeIgniter\CodeIgniter->handleRequest(null, Object(Config\Cache), false)
 9 FCPATH\index.php(67): CodeIgniter\CodeIgniter->run()
10 SYSTEMPATH\Commands\Server\rewrite.php(46): require_once('FCPATH\\index.php')
CRITICAL - 2022-11-08 21:36:39 --> Undefined variable $tampilProduk
in APPPATH\Views\admin\product\index.php on line 33.
 1 APPPATH\Views\admin\product\index.php(33): CodeIgniter\Debug\Exceptions->errorHandler(2, 'Undefined variable $tampilProduk', 'APPPATH\\Views\\admin\\product\\index.php', 33)
 2 SYSTEMPATH\View\View.php(213): include('APPPATH\\Views\\admin\\product\\index.php')
 3 SYSTEMPATH\View\View.php(216): CodeIgniter\View\View->CodeIgniter\View\{closure}()
 4 SYSTEMPATH\Common.php(1134): CodeIgniter\View\View->render('admin/product/index', [], true)
 5 APPPATH\Controllers\Product.php(16): view('admin/product/index')
 6 SYSTEMPATH\CodeIgniter.php(927): App\Controllers\Product->index()
 7 SYSTEMPATH\CodeIgniter.php(482): CodeIgniter\CodeIgniter->runController(Object(App\Controllers\Product))
 8 SYSTEMPATH\CodeIgniter.php(351): CodeIgniter\CodeIgniter->handleRequest(null, Object(Config\Cache), false)
 9 FCPATH\index.php(67): CodeIgniter\CodeIgniter->run()
10 SYSTEMPATH\Commands\Server\rewrite.php(46): require_once('FCPATH\\index.php')
CRITICAL - 2022-11-08 21:37:31 --> CodeIgniter\Database\BaseResult::getFirstRow(): Argument #1 ($type) must be of type string, null given, called in C:\xampp\htdocs\CIProfil\system\Model.php on line 250
in SYSTEMPATH\Database\BaseResult.php on line 375.
 1 SYSTEMPATH\Model.php(250): CodeIgniter\Database\BaseResult->getFirstRow(null)
 2 SYSTEMPATH\BaseModel.php(623): CodeIgniter\Model->doFirst()
 3 APPPATH\Controllers\Profile.php(19): CodeIgniter\BaseModel->first()
 4 SYSTEMPATH\CodeIgniter.php(927): App\Controllers\Profile->index()
 5 SYSTEMPATH\CodeIgniter.php(482): CodeIgniter\CodeIgniter->runController(Object(App\Controllers\Profile))
 6 SYSTEMPATH\CodeIgniter.php(351): CodeIgniter\CodeIgniter->handleRequest(null, Object(Config\Cache), false)
 7 FCPATH\index.php(67): CodeIgniter\CodeIgniter->run()
 8 SYSTEMPATH\Commands\Server\rewrite.php(46): require_once('FCPATH\\index.php')
CRITICAL - 2022-11-08 21:38:27 --> CodeIgniter\Database\BaseResult::getFirstRow(): Argument #1 ($type) must be of type string, null given, called in C:\xampp\htdocs\CIProfil\system\Model.php on line 250
in SYSTEMPATH\Database\BaseResult.php on line 375.
 1 SYSTEMPATH\Model.php(250): CodeIgniter\Database\BaseResult->getFirstRow(null)
 2 SYSTEMPATH\BaseModel.php(623): CodeIgniter\Model->doFirst()
 3 APPPATH\Controllers\Profile.php(19): CodeIgniter\BaseModel->first()
 4 SYSTEMPATH\CodeIgniter.php(927): App\Controllers\Profile->index()
 5 SYSTEMPATH\CodeIgniter.php(482): CodeIgniter\CodeIgniter->runController(Object(App\Controllers\Profile))
 6 SYSTEMPATH\CodeIgniter.php(351): CodeIgniter\CodeIgniter->handleRequest(null, Object(Config\Cache), false)
 7 FCPATH\index.php(67): CodeIgniter\CodeIgniter->run()
 8 SYSTEMPATH\Commands\Server\rewrite.php(46): require_once('FCPATH\\index.php')
CRITICAL - 2022-11-08 21:39:05 --> CodeIgniter\Database\BaseResult::getFirstRow(): Argument #1 ($type) must be of type string, null given, called in C:\xampp\htdocs\CIProfil\system\Model.php on line 250
in SYSTEMPATH\Database\BaseResult.php on line 375.
 1 SYSTEMPATH\Model.php(250): CodeIgniter\Database\BaseResult->getFirstRow(null)
 2 SYSTEMPATH\BaseModel.php(623): CodeIgniter\Model->doFirst()
 3 APPPATH\Controllers\Profile.php(19): CodeIgniter\BaseModel->first()
 4 SYSTEMPATH\CodeIgniter.php(927): App\Controllers\Profile->index()
 5 SYSTEMPATH\CodeIgniter.php(482): CodeIgniter\CodeIgniter->runController(Object(App\Controllers\Profile))
 6 SYSTEMPATH\CodeIgniter.php(351): CodeIgniter\CodeIgniter->handleRequest(null, Object(Config\Cache), false)
 7 FCPATH\index.php(67): CodeIgniter\CodeIgniter->run()
 8 SYSTEMPATH\Commands\Server\rewrite.php(46): require_once('FCPATH\\index.php')
CRITICAL - 2022-11-08 21:39:07 --> CodeIgniter\Database\BaseResult::getFirstRow(): Argument #1 ($type) must be of type string, null given, called in C:\xampp\htdocs\CIProfil\system\Model.php on line 250
in SYSTEMPATH\Database\BaseResult.php on line 375.
 1 SYSTEMPATH\Model.php(250): CodeIgniter\Database\BaseResult->getFirstRow(null)
 2 SYSTEMPATH\BaseModel.php(623): CodeIgniter\Model->doFirst()
 3 APPPATH\Controllers\Profile.php(19): CodeIgniter\BaseModel->first()
 4 SYSTEMPATH\CodeIgniter.php(927): App\Controllers\Profile->index()
 5 SYSTEMPATH\CodeIgniter.php(482): CodeIgniter\CodeIgniter->runController(Object(App\Controllers\Profile))
 6 SYSTEMPATH\CodeIgniter.php(351): CodeIgniter\CodeIgniter->handleRequest(null, Object(Config\Cache), false)
 7 FCPATH\index.php(67): CodeIgniter\CodeIgniter->run()
 8 SYSTEMPATH\Commands\Server\rewrite.php(46): require_once('FCPATH\\index.php')
CRITICAL - 2022-11-08 21:39:10 --> CodeIgniter\Database\BaseResult::getFirstRow(): Argument #1 ($type) must be of type string, null given, called in C:\xampp\htdocs\CIProfil\system\Model.php on line 250
in SYSTEMPATH\Database\BaseResult.php on line 375.
 1 SYSTEMPATH\Model.php(250): CodeIgniter\Database\BaseResult->getFirstRow(null)
 2 SYSTEMPATH\BaseModel.php(623): CodeIgniter\Model->doFirst()
 3 APPPATH\Controllers\Profile.php(19): CodeIgniter\BaseModel->first()
 4 SYSTEMPATH\CodeIgniter.php(927): App\Controllers\Profile->index()
 5 SYSTEMPATH\CodeIgniter.php(482): CodeIgniter\CodeIgniter->runController(Object(App\Controllers\Profile))
 6 SYSTEMPATH\CodeIgniter.php(351): CodeIgniter\CodeIgniter->handleRequest(null, Object(Config\Cache), false)
 7 FCPATH\index.php(67): CodeIgniter\CodeIgniter->run()
 8 SYSTEMPATH\Commands\Server\rewrite.php(46): require_once('FCPATH\\index.php')
CRITICAL - 2022-11-08 21:40:38 --> Call to undefined method App\Models\ProfileModel::tampilProfil
in SYSTEMPATH\Model.php on line 774.
 1 APPPATH\Controllers\Product.php(55): CodeIgniter\Model->__call('tampilProfil', [])
 2 SYSTEMPATH\CodeIgniter.php(927): App\Controllers\Product->create()
 3 SYSTEMPATH\CodeIgniter.php(482): CodeIgniter\CodeIgniter->runController(Object(App\Controllers\Product))
 4 SYSTEMPATH\CodeIgniter.php(351): CodeIgniter\CodeIgniter->handleRequest(null, Object(Config\Cache), false)
 5 FCPATH\index.php(67): CodeIgniter\CodeIgniter->run()
 6 SYSTEMPATH\Commands\Server\rewrite.php(46): require_once('FCPATH\\index.php')
CRITICAL - 2022-11-08 21:41:19 --> Call to undefined method App\Models\ProfileModel::tampilProfil
in SYSTEMPATH\Model.php on line 774.
 1 APPPATH\Controllers\Product.php(55): CodeIgniter\Model->__call('tampilProfil', [])
 2 SYSTEMPATH\CodeIgniter.php(927): App\Controllers\Product->create()
 3 SYSTEMPATH\CodeIgniter.php(482): CodeIgniter\CodeIgniter->runController(Object(App\Controllers\Product))
 4 SYSTEMPATH\CodeIgniter.php(351): CodeIgniter\CodeIgniter->handleRequest(null, Object(Config\Cache), false)
 5 FCPATH\index.php(67): CodeIgniter\CodeIgniter->run()
 6 SYSTEMPATH\Commands\Server\rewrite.php(46): require_once('FCPATH\\index.php')
CRITICAL - 2022-11-08 21:41:21 --> Call to undefined method App\Models\ProfileModel::tampilProfil
in SYSTEMPATH\Model.php on line 774.
 1 APPPATH\Controllers\Product.php(55): CodeIgniter\Model->__call('tampilProfil', [])
 2 SYSTEMPATH\CodeIgniter.php(927): App\Controllers\Product->create()
 3 SYSTEMPATH\CodeIgniter.php(482): CodeIgniter\CodeIgniter->runController(Object(App\Controllers\Product))
 4 SYSTEMPATH\CodeIgniter.php(351): CodeIgniter\CodeIgniter->handleRequest(null, Object(Config\Cache), false)
 5 FCPATH\index.php(67): CodeIgniter\CodeIgniter->run()
 6 SYSTEMPATH\Commands\Server\rewrite.php(46): require_once('FCPATH\\index.php')
CRITICAL - 2022-11-08 21:41:28 --> Call to undefined method App\Models\ProfileModel::tampilProfil
in SYSTEMPATH\Model.php on line 774.
 1 APPPATH\Controllers\Product.php(55): CodeIgniter\Model->__call('tampilProfil', [])
 2 SYSTEMPATH\CodeIgniter.php(927): App\Controllers\Product->create()
 3 SYSTEMPATH\CodeIgniter.php(482): CodeIgniter\CodeIgniter->runController(Object(App\Controllers\Product))
 4 SYSTEMPATH\CodeIgniter.php(351): CodeIgniter\CodeIgniter->handleRequest(null, Object(Config\Cache), false)
 5 FCPATH\index.php(67): CodeIgniter\CodeIgniter->run()
 6 SYSTEMPATH\Commands\Server\rewrite.php(46): require_once('FCPATH\\index.php')
CRITICAL - 2022-11-08 21:41:56 --> Undefined variable $tampilProfile
in APPPATH\Views\admin\product\create.php on line 31.
 1 APPPATH\Views\admin\product\create.php(31): CodeIgniter\Debug\Exceptions->errorHandler(2, 'Undefined variable $tampilProfile', 'APPPATH\\Views\\admin\\product\\create.php', 31)
 2 SYSTEMPATH\View\View.php(213): include('APPPATH\\Views\\admin\\product\\create.php')
 3 SYSTEMPATH\View\View.php(216): CodeIgniter\View\View->CodeIgniter\View\{closure}()
 4 SYSTEMPATH\Common.php(1134): CodeIgniter\View\View->render('admin/product/create', [], true)
 5 APPPATH\Controllers\Product.php(57): view('admin/product/create')
 6 SYSTEMPATH\CodeIgniter.php(927): App\Controllers\Product->create()
 7 SYSTEMPATH\CodeIgniter.php(482): CodeIgniter\CodeIgniter->runController(Object(App\Controllers\Product))
 8 SYSTEMPATH\CodeIgniter.php(351): CodeIgniter\CodeIgniter->handleRequest(null, Object(Config\Cache), false)
 9 FCPATH\index.php(67): CodeIgniter\CodeIgniter->run()
10 SYSTEMPATH\Commands\Server\rewrite.php(46): require_once('FCPATH\\index.php')
CRITICAL - 2022-11-08 22:13:20 --> Undefined property: App\Controllers\Product::$ProductModel
in APPPATH\Controllers\Product.php on line 67.
 1 APPPATH\Controllers\Product.php(67): CodeIgniter\Debug\Exceptions->errorHandler(2, 'Undefined property: App\\Controllers\\Product::$ProductModel', 'APPPATH\\Controllers\\Product.php', 67)
 2 SYSTEMPATH\CodeIgniter.php(927): App\Controllers\Product->store()
 3 SYSTEMPATH\CodeIgniter.php(482): CodeIgniter\CodeIgniter->runController(Object(App\Controllers\Product))
 4 SYSTEMPATH\CodeIgniter.php(351): CodeIgniter\CodeIgniter->handleRequest(null, Object(Config\Cache), false)
 5 FCPATH\index.php(67): CodeIgniter\CodeIgniter->run()
 6 SYSTEMPATH\Commands\Server\rewrite.php(46): require_once('FCPATH\\index.php')
CRITICAL - 2022-11-08 22:16:29 --> Undefined property: App\Controllers\Product::$ProductModel
in APPPATH\Controllers\Product.php on line 67.
 1 APPPATH\Controllers\Product.php(67): CodeIgniter\Debug\Exceptions->errorHandler(2, 'Undefined property: App\\Controllers\\Product::$ProductModel', 'APPPATH\\Controllers\\Product.php', 67)
 2 SYSTEMPATH\CodeIgniter.php(927): App\Controllers\Product->store()
 3 SYSTEMPATH\CodeIgniter.php(482): CodeIgniter\CodeIgniter->runController(Object(App\Controllers\Product))
 4 SYSTEMPATH\CodeIgniter.php(351): CodeIgniter\CodeIgniter->handleRequest(null, Object(Config\Cache), false)
 5 FCPATH\index.php(67): CodeIgniter\CodeIgniter->run()
 6 SYSTEMPATH\Commands\Server\rewrite.php(46): require_once('FCPATH\\index.php')
CRITICAL - 2022-11-08 22:34:14 --> Call to undefined method CodeIgniter\Validation\Validation::listError()
in APPPATH\Views\admin\product\create.php on line 20.
 1 SYSTEMPATH\View\View.php(213): include()
 2 SYSTEMPATH\View\View.php(216): CodeIgniter\View\View->CodeIgniter\View\{closure}()
 3 SYSTEMPATH\Common.php(1134): CodeIgniter\View\View->render('admin/product/create', [], true)
 4 APPPATH\Controllers\Product.php(57): view('admin/product/create', [...])
 5 SYSTEMPATH\CodeIgniter.php(927): App\Controllers\Product->create()
 6 SYSTEMPATH\CodeIgniter.php(482): CodeIgniter\CodeIgniter->runController(Object(App\Controllers\Product))
 7 SYSTEMPATH\CodeIgniter.php(351): CodeIgniter\CodeIgniter->handleRequest(null, Object(Config\Cache), false)
 8 FCPATH\index.php(67): CodeIgniter\CodeIgniter->run()
 9 SYSTEMPATH\Commands\Server\rewrite.php(46): require_once('FCPATH\\index.php')
CRITICAL - 2022-11-08 22:34:16 --> Call to undefined method CodeIgniter\Validation\Validation::listError()
in APPPATH\Views\admin\product\create.php on line 20.
 1 SYSTEMPATH\View\View.php(213): include()
 2 SYSTEMPATH\View\View.php(216): CodeIgniter\View\View->CodeIgniter\View\{closure}()
 3 SYSTEMPATH\Common.php(1134): CodeIgniter\View\View->render('admin/product/create', [], true)
 4 APPPATH\Controllers\Product.php(57): view('admin/product/create', [...])
 5 SYSTEMPATH\CodeIgniter.php(927): App\Controllers\Product->create()
 6 SYSTEMPATH\CodeIgniter.php(482): CodeIgniter\CodeIgniter->runController(Object(App\Controllers\Product))
 7 SYSTEMPATH\CodeIgniter.php(351): CodeIgniter\CodeIgniter->handleRequest(null, Object(Config\Cache), false)
 8 FCPATH\index.php(67): CodeIgniter\CodeIgniter->run()
 9 SYSTEMPATH\Commands\Server\rewrite.php(46): require_once('FCPATH\\index.php')
CRITICAL - 2022-11-08 22:34:18 --> Call to undefined method CodeIgniter\Validation\Validation::listError()
in APPPATH\Views\admin\product\create.php on line 20.
 1 SYSTEMPATH\View\View.php(213): include()
 2 SYSTEMPATH\View\View.php(216): CodeIgniter\View\View->CodeIgniter\View\{closure}()
 3 SYSTEMPATH\Common.php(1134): CodeIgniter\View\View->render('admin/product/create', [], true)
 4 APPPATH\Controllers\Product.php(57): view('admin/product/create', [...])
 5 SYSTEMPATH\CodeIgniter.php(927): App\Controllers\Product->create()
 6 SYSTEMPATH\CodeIgniter.php(482): CodeIgniter\CodeIgniter->runController(Object(App\Controllers\Product))
 7 SYSTEMPATH\CodeIgniter.php(351): CodeIgniter\CodeIgniter->handleRequest(null, Object(Config\Cache), false)
 8 FCPATH\index.php(67): CodeIgniter\CodeIgniter->run()
 9 SYSTEMPATH\Commands\Server\rewrite.php(46): require_once('FCPATH\\index.php')
CRITICAL - 2022-11-08 22:46:31 --> Call to undefined method CodeIgniter\Validation\Validation::hasErrors()
in APPPATH\Views\admin\product\create.php on line 31.
 1 SYSTEMPATH\View\View.php(213): include()
 2 SYSTEMPATH\View\View.php(216): CodeIgniter\View\View->CodeIgniter\View\{closure}()
 3 SYSTEMPATH\Common.php(1134): CodeIgniter\View\View->render('admin/product/create', [], true)
 4 APPPATH\Controllers\Product.php(57): view('admin/product/create', [...])
 5 SYSTEMPATH\CodeIgniter.php(927): App\Controllers\Product->create()
 6 SYSTEMPATH\CodeIgniter.php(482): CodeIgniter\CodeIgniter->runController(Object(App\Controllers\Product))
 7 SYSTEMPATH\CodeIgniter.php(351): CodeIgniter\CodeIgniter->handleRequest(null, Object(Config\Cache), false)
 8 FCPATH\index.php(67): CodeIgniter\CodeIgniter->run()
 9 SYSTEMPATH\Commands\Server\rewrite.php(46): require_once('FCPATH\\index.php')
