CRITICAL - 2022-11-18 02:07:08 --> Undefined variable $cart
in APPPATH\Views\front\layouts\nav.php on line 113.
 1 APPPATH\Views\front\layouts\nav.php(113): CodeIgniter\Debug\Exceptions->errorHandler(2, 'Undefined variable $cart', 'APPPATH\\Views\\front\\layouts\\nav.php', 113)
 2 SYSTEMPATH\View\View.php(213): include('APPPATH\\Views\\front\\layouts\\nav.php')
 3 SYSTEMPATH\View\View.php(216): CodeIgniter\View\View->CodeIgniter\View\{closure}()
 4 SYSTEMPATH\View\View.php(431): CodeIgniter\View\View->render('front/layouts/nav', null, true)
 5 APPPATH\Views\front\layouts\layout.php(30): CodeIgniter\View\View->include('front/layouts/nav')
 6 SYSTEMPATH\View\View.php(213): include('APPPATH\\Views\\front\\layouts\\layout.php')
 7 SYSTEMPATH\View\View.php(216): CodeIgniter\View\View->CodeIgniter\View\{closure}()
 8 SYSTEMPATH\View\View.php(229): CodeIgniter\View\View->render('front/layouts/layout', [], true)
 9 SYSTEMPATH\Common.php(1134): CodeIgniter\View\View->render('front/profil/detail', [], true)
10 APPPATH\Controllers\FrontProfil.php(58): view('front/profil/detail', [...])
11 SYSTEMPATH\CodeIgniter.php(927): App\Controllers\FrontProfil->detail('4')
12 SYSTEMPATH\CodeIgniter.php(482): CodeIgniter\CodeIgniter->runController(Object(App\Controllers\FrontProfil))
13 SYSTEMPATH\CodeIgniter.php(351): CodeIgniter\CodeIgniter->handleRequest(null, Object(Config\Cache), false)
14 FCPATH\index.php(67): CodeIgniter\CodeIgniter->run()
15 SYSTEMPATH\Commands\Server\rewrite.php(46): require_once('FCPATH\\index.php')
CRITICAL - 2022-11-18 02:19:09 --> Undefined variable $cart
in APPPATH\Views\front\layouts\nav.php on line 113.
 1 APPPATH\Views\front\layouts\nav.php(113): CodeIgniter\Debug\Exceptions->errorHandler(2, 'Undefined variable $cart', 'APPPATH\\Views\\front\\layouts\\nav.php', 113)
 2 SYSTEMPATH\View\View.php(213): include('APPPATH\\Views\\front\\layouts\\nav.php')
 3 SYSTEMPATH\View\View.php(216): CodeIgniter\View\View->CodeIgniter\View\{closure}()
 4 SYSTEMPATH\View\View.php(431): CodeIgniter\View\View->render('front/layouts/nav', null, true)
 5 APPPATH\Views\front\layouts\layout.php(30): CodeIgniter\View\View->include('front/layouts/nav')
 6 SYSTEMPATH\View\View.php(213): include('APPPATH\\Views\\front\\layouts\\layout.php')
 7 SYSTEMPATH\View\View.php(216): CodeIgniter\View\View->CodeIgniter\View\{closure}()
 8 SYSTEMPATH\View\View.php(229): CodeIgniter\View\View->render('front/layouts/layout', [], true)
 9 SYSTEMPATH\Common.php(1134): CodeIgniter\View\View->render('front/profil/index', [], true)
10 APPPATH\Controllers\FrontProfil.php(29): view('front/profil/index', [...])
11 SYSTEMPATH\CodeIgniter.php(927): App\Controllers\FrontProfil->index()
12 SYSTEMPATH\CodeIgniter.php(482): CodeIgniter\CodeIgniter->runController(Object(App\Controllers\FrontProfil))
13 SYSTEMPATH\CodeIgniter.php(351): CodeIgniter\CodeIgniter->handleRequest(null, Object(Config\Cache), false)
14 FCPATH\index.php(67): CodeIgniter\CodeIgniter->run()
15 SYSTEMPATH\Commands\Server\rewrite.php(46): require_once('FCPATH\\index.php')
CRITICAL - 2022-11-18 02:53:36 --> Undefined variable $cart
in APPPATH\Views\front\layouts\nav.php on line 113.
 1 APPPATH\Views\front\layouts\nav.php(113): CodeIgniter\Debug\Exceptions->errorHandler(2, 'Undefined variable $cart', 'APPPATH\\Views\\front\\layouts\\nav.php', 113)
 2 SYSTEMPATH\View\View.php(213): include('APPPATH\\Views\\front\\layouts\\nav.php')
 3 SYSTEMPATH\View\View.php(216): CodeIgniter\View\View->CodeIgniter\View\{closure}()
 4 SYSTEMPATH\View\View.php(431): CodeIgniter\View\View->render('front/layouts/nav', null, true)
 5 APPPATH\Views\front\layouts\layout.php(30): CodeIgniter\View\View->include('front/layouts/nav')
 6 SYSTEMPATH\View\View.php(213): include('APPPATH\\Views\\front\\layouts\\layout.php')
 7 SYSTEMPATH\View\View.php(216): CodeIgniter\View\View->CodeIgniter\View\{closure}()
 8 SYSTEMPATH\View\View.php(229): CodeIgniter\View\View->render('front/layouts/layout', [], true)
 9 SYSTEMPATH\Common.php(1134): CodeIgniter\View\View->render('front/profil/detail', [], true)
10 APPPATH\Controllers\FrontProfil.php(58): view('front/profil/detail', [...])
11 SYSTEMPATH\CodeIgniter.php(927): App\Controllers\FrontProfil->detail('9')
12 SYSTEMPATH\CodeIgniter.php(482): CodeIgniter\CodeIgniter->runController(Object(App\Controllers\FrontProfil))
13 SYSTEMPATH\CodeIgniter.php(351): CodeIgniter\CodeIgniter->handleRequest(null, Object(Config\Cache), false)
14 FCPATH\index.php(67): CodeIgniter\CodeIgniter->run()
15 SYSTEMPATH\Commands\Server\rewrite.php(46): require_once('FCPATH\\index.php')
CRITICAL - 2022-11-18 02:55:29 --> Undefined variable $cart
in APPPATH\Views\front\layouts\nav.php on line 113.
 1 APPPATH\Views\front\layouts\nav.php(113): CodeIgniter\Debug\Exceptions->errorHandler(2, 'Undefined variable $cart', 'APPPATH\\Views\\front\\layouts\\nav.php', 113)
 2 SYSTEMPATH\View\View.php(213): include('APPPATH\\Views\\front\\layouts\\nav.php')
 3 SYSTEMPATH\View\View.php(216): CodeIgniter\View\View->CodeIgniter\View\{closure}()
 4 SYSTEMPATH\View\View.php(431): CodeIgniter\View\View->render('front/layouts/nav', null, true)
 5 APPPATH\Views\front\layouts\layout.php(30): CodeIgniter\View\View->include('front/layouts/nav')
 6 SYSTEMPATH\View\View.php(213): include('APPPATH\\Views\\front\\layouts\\layout.php')
 7 SYSTEMPATH\View\View.php(216): CodeIgniter\View\View->CodeIgniter\View\{closure}()
 8 SYSTEMPATH\View\View.php(229): CodeIgniter\View\View->render('front/layouts/layout', [], true)
 9 SYSTEMPATH\Common.php(1134): CodeIgniter\View\View->render('front/profil/detail', [], true)
10 APPPATH\Controllers\FrontProfil.php(58): view('front/profil/detail', [...])
11 SYSTEMPATH\CodeIgniter.php(927): App\Controllers\FrontProfil->detail('9')
12 SYSTEMPATH\CodeIgniter.php(482): CodeIgniter\CodeIgniter->runController(Object(App\Controllers\FrontProfil))
13 SYSTEMPATH\CodeIgniter.php(351): CodeIgniter\CodeIgniter->handleRequest(null, Object(Config\Cache), false)
14 FCPATH\index.php(67): CodeIgniter\CodeIgniter->run()
15 SYSTEMPATH\Commands\Server\rewrite.php(46): require_once('FCPATH\\index.php')
