CRITICAL - 2022-11-13 22:40:17 --> Invalid file: front/prfil/index.php
in SYSTEMPATH\Exceptions\FrameworkException.php on line 33.
 1 SYSTEMPATH\View\View.php(201): CodeIgniter\Exceptions\FrameworkException::forInvalidFile('front/prfil/index.php')
 2 SYSTEMPATH\Common.php(1134): CodeIgniter\View\View->render('front/prfil/index', [], true)
 3 APPPATH\Controllers\FrontProfil.php(16): view('front/prfil/index', [...])
 4 SYSTEMPATH\CodeIgniter.php(927): App\Controllers\FrontProfil->index()
 5 SYSTEMPATH\CodeIgniter.php(482): CodeIgniter\CodeIgniter->runController(Object(App\Controllers\FrontProfil))
 6 SYSTEMPATH\CodeIgniter.php(351): CodeIgniter\CodeIgniter->handleRequest(null, Object(Config\Cache), false)
 7 FCPATH\index.php(67): CodeIgniter\CodeIgniter->run()
 8 SYSTEMPATH\Commands\Server\rewrite.php(46): require_once('FCPATH\\index.php')
CRITICAL - 2022-11-13 22:56:31 --> CodeIgniter\Database\BaseResult::getResult(): Argument #1 ($type) must be of type string, null given, called in C:\xampp\htdocs\CIProfil\system\Model.php on line 224
in SYSTEMPATH\Database\BaseResult.php on line 96.
 1 SYSTEMPATH\Model.php(224): CodeIgniter\Database\BaseResult->getResult(null)
 2 SYSTEMPATH\BaseModel.php(585): CodeIgniter\Model->doFindAll(12, 0)
 3 SYSTEMPATH\BaseModel.php(1110): CodeIgniter\BaseModel->findAll(12, 0)
 4 APPPATH\Controllers\FrontProduct.php(25): CodeIgniter\BaseModel->paginate(12, 'product')
 5 SYSTEMPATH\CodeIgniter.php(927): App\Controllers\FrontProduct->index()
 6 SYSTEMPATH\CodeIgniter.php(482): CodeIgniter\CodeIgniter->runController(Object(App\Controllers\FrontProduct))
 7 SYSTEMPATH\CodeIgniter.php(351): CodeIgniter\CodeIgniter->handleRequest(null, Object(Config\Cache), false)
 8 FCPATH\index.php(67): CodeIgniter\CodeIgniter->run()
 9 SYSTEMPATH\Commands\Server\rewrite.php(46): require_once('FCPATH\\index.php')
CRITICAL - 2022-11-13 22:58:52 --> CodeIgniter\Database\BaseResult::getResult(): Argument #1 ($type) must be of type string, null given, called in C:\xampp\htdocs\CIProfil\system\Model.php on line 224
in SYSTEMPATH\Database\BaseResult.php on line 96.
 1 SYSTEMPATH\Model.php(224): CodeIgniter\Database\BaseResult->getResult(null)
 2 SYSTEMPATH\BaseModel.php(585): CodeIgniter\Model->doFindAll(12, 0)
 3 SYSTEMPATH\BaseModel.php(1110): CodeIgniter\BaseModel->findAll(12, 0)
 4 APPPATH\Controllers\FrontProduct.php(26): CodeIgniter\BaseModel->paginate(12, 'product')
 5 SYSTEMPATH\CodeIgniter.php(927): App\Controllers\FrontProduct->index()
 6 SYSTEMPATH\CodeIgniter.php(482): CodeIgniter\CodeIgniter->runController(Object(App\Controllers\FrontProduct))
 7 SYSTEMPATH\CodeIgniter.php(351): CodeIgniter\CodeIgniter->handleRequest(null, Object(Config\Cache), false)
 8 FCPATH\index.php(67): CodeIgniter\CodeIgniter->run()
 9 SYSTEMPATH\Commands\Server\rewrite.php(46): require_once('FCPATH\\index.php')
CRITICAL - 2022-11-13 23:00:42 --> Attempt to read property "foto" on array
in APPPATH\Views\front\produk\index.php on line 21.
 1 APPPATH\Views\front\produk\index.php(21): CodeIgniter\Debug\Exceptions->errorHandler(2, 'Attempt to read property "foto" on array', 'APPPATH\\Views\\front\\produk\\index.php', 21)
 2 SYSTEMPATH\View\View.php(213): include('APPPATH\\Views\\front\\produk\\index.php')
 3 SYSTEMPATH\View\View.php(216): CodeIgniter\View\View->CodeIgniter\View\{closure}()
 4 SYSTEMPATH\Common.php(1134): CodeIgniter\View\View->render('front/produk/index', [], true)
 5 APPPATH\Controllers\FrontProduct.php(29): view('front/produk/index', [...])
 6 SYSTEMPATH\CodeIgniter.php(927): App\Controllers\FrontProduct->index()
 7 SYSTEMPATH\CodeIgniter.php(482): CodeIgniter\CodeIgniter->runController(Object(App\Controllers\FrontProduct))
 8 SYSTEMPATH\CodeIgniter.php(351): CodeIgniter\CodeIgniter->handleRequest(null, Object(Config\Cache), false)
 9 FCPATH\index.php(67): CodeIgniter\CodeIgniter->run()
10 SYSTEMPATH\Commands\Server\rewrite.php(46): require_once('FCPATH\\index.php')
CRITICAL - 2022-11-13 23:01:08 --> Attempt to read property "nama" on array
in APPPATH\Views\front\produk\index.php on line 29.
 1 APPPATH\Views\front\produk\index.php(29): CodeIgniter\Debug\Exceptions->errorHandler(2, 'Attempt to read property "nama" on array', 'APPPATH\\Views\\front\\produk\\index.php', 29)
 2 SYSTEMPATH\View\View.php(213): include('APPPATH\\Views\\front\\produk\\index.php')
 3 SYSTEMPATH\View\View.php(216): CodeIgniter\View\View->CodeIgniter\View\{closure}()
 4 SYSTEMPATH\Common.php(1134): CodeIgniter\View\View->render('front/produk/index', [], true)
 5 APPPATH\Controllers\FrontProduct.php(29): view('front/produk/index', [...])
 6 SYSTEMPATH\CodeIgniter.php(927): App\Controllers\FrontProduct->index()
 7 SYSTEMPATH\CodeIgniter.php(482): CodeIgniter\CodeIgniter->runController(Object(App\Controllers\FrontProduct))
 8 SYSTEMPATH\CodeIgniter.php(351): CodeIgniter\CodeIgniter->handleRequest(null, Object(Config\Cache), false)
 9 FCPATH\index.php(67): CodeIgniter\CodeIgniter->run()
10 SYSTEMPATH\Commands\Server\rewrite.php(46): require_once('FCPATH\\index.php')
CRITICAL - 2022-11-13 23:02:06 --> View themes, no current section.
in SYSTEMPATH\View\View.php on line 394.
 1 APPPATH\Views\front\index.php(124): CodeIgniter\View\View->endSection()
 2 SYSTEMPATH\View\View.php(213): include('APPPATH\\Views\\front\\index.php')
 3 SYSTEMPATH\View\View.php(216): CodeIgniter\View\View->CodeIgniter\View\{closure}()
 4 SYSTEMPATH\Common.php(1134): CodeIgniter\View\View->render('front/index', [], true)
 5 APPPATH\Controllers\Home.php(34): view('front/index', [...])
 6 SYSTEMPATH\CodeIgniter.php(927): App\Controllers\Home->index()
 7 SYSTEMPATH\CodeIgniter.php(482): CodeIgniter\CodeIgniter->runController(Object(App\Controllers\Home))
 8 SYSTEMPATH\CodeIgniter.php(351): CodeIgniter\CodeIgniter->handleRequest(null, Object(Config\Cache), false)
 9 FCPATH\index.php(67): CodeIgniter\CodeIgniter->run()
10 SYSTEMPATH\Commands\Server\rewrite.php(46): require_once('FCPATH\\index.php')
CRITICAL - 2022-11-13 23:02:13 --> View themes, no current section.
in SYSTEMPATH\View\View.php on line 394.
 1 APPPATH\Views\front\index.php(124): CodeIgniter\View\View->endSection()
 2 SYSTEMPATH\View\View.php(213): include('APPPATH\\Views\\front\\index.php')
 3 SYSTEMPATH\View\View.php(216): CodeIgniter\View\View->CodeIgniter\View\{closure}()
 4 SYSTEMPATH\Common.php(1134): CodeIgniter\View\View->render('front/index', [], true)
 5 APPPATH\Controllers\Home.php(34): view('front/index', [...])
 6 SYSTEMPATH\CodeIgniter.php(927): App\Controllers\Home->index()
 7 SYSTEMPATH\CodeIgniter.php(482): CodeIgniter\CodeIgniter->runController(Object(App\Controllers\Home))
 8 SYSTEMPATH\CodeIgniter.php(351): CodeIgniter\CodeIgniter->handleRequest(null, Object(Config\Cache), false)
 9 FCPATH\index.php(67): CodeIgniter\CodeIgniter->run()
10 SYSTEMPATH\Commands\Server\rewrite.php(46): require_once('FCPATH\\index.php')
