CRITICAL - 2022-11-21 00:20:47 --> Undefined variable $cart
in APPPATH\Views\front\layouts\nav.php on line 113.
 1 APPPATH\Views\front\layouts\nav.php(113): CodeIgniter\Debug\Exceptions->errorHandler(2, 'Undefined variable $cart', 'APPPATH\\Views\\front\\layouts\\nav.php', 113)
 2 SYSTEMPATH\View\View.php(213): include('APPPATH\\Views\\front\\layouts\\nav.php')
 3 SYSTEMPATH\View\View.php(216): CodeIgniter\View\View->CodeIgniter\View\{closure}()
 4 SYSTEMPATH\View\View.php(431): CodeIgniter\View\View->render('front/layouts/nav', null, true)
 5 APPPATH\Views\front\layouts\layout.php(30): CodeIgniter\View\View->include('front/layouts/nav')
 6 SYSTEMPATH\View\View.php(213): include('APPPATH\\Views\\front\\layouts\\layout.php')
 7 SYSTEMPATH\View\View.php(216): CodeIgniter\View\View->CodeIgniter\View\{closure}()
 8 SYSTEMPATH\View\View.php(229): CodeIgniter\View\View->render('front/layouts/layout', [], true)
 9 SYSTEMPATH\Common.php(1134): CodeIgniter\View\View->render('front/product_detail', [], true)
10 APPPATH\Controllers\FrontProduct.php(54): view('front/product_detail', [...])
11 SYSTEMPATH\CodeIgniter.php(927): App\Controllers\FrontProduct->detail('15')
12 SYSTEMPATH\CodeIgniter.php(482): CodeIgniter\CodeIgniter->runController(Object(App\Controllers\FrontProduct))
13 SYSTEMPATH\CodeIgniter.php(351): CodeIgniter\CodeIgniter->handleRequest(null, Object(Config\Cache), false)
14 FCPATH\index.php(67): CodeIgniter\CodeIgniter->run()
15 SYSTEMPATH\Commands\Server\rewrite.php(46): require_once('FCPATH\\index.php')
CRITICAL - 2022-11-21 00:21:13 --> Undefined variable $cart
in APPPATH\Views\front\layouts\nav.php on line 113.
 1 APPPATH\Views\front\layouts\nav.php(113): CodeIgniter\Debug\Exceptions->errorHandler(2, 'Undefined variable $cart', 'APPPATH\\Views\\front\\layouts\\nav.php', 113)
 2 SYSTEMPATH\View\View.php(213): include('APPPATH\\Views\\front\\layouts\\nav.php')
 3 SYSTEMPATH\View\View.php(216): CodeIgniter\View\View->CodeIgniter\View\{closure}()
 4 SYSTEMPATH\View\View.php(431): CodeIgniter\View\View->render('front/layouts/nav', null, true)
 5 APPPATH\Views\front\layouts\layout.php(30): CodeIgniter\View\View->include('front/layouts/nav')
 6 SYSTEMPATH\View\View.php(213): include('APPPATH\\Views\\front\\layouts\\layout.php')
 7 SYSTEMPATH\View\View.php(216): CodeIgniter\View\View->CodeIgniter\View\{closure}()
 8 SYSTEMPATH\View\View.php(229): CodeIgniter\View\View->render('front/layouts/layout', [], true)
 9 SYSTEMPATH\Common.php(1134): CodeIgniter\View\View->render('front/product_detail', [], true)
10 APPPATH\Controllers\FrontProduct.php(54): view('front/product_detail', [...])
11 SYSTEMPATH\CodeIgniter.php(927): App\Controllers\FrontProduct->detail('15')
12 SYSTEMPATH\CodeIgniter.php(482): CodeIgniter\CodeIgniter->runController(Object(App\Controllers\FrontProduct))
13 SYSTEMPATH\CodeIgniter.php(351): CodeIgniter\CodeIgniter->handleRequest(null, Object(Config\Cache), false)
14 FCPATH\index.php(67): CodeIgniter\CodeIgniter->run()
15 SYSTEMPATH\Commands\Server\rewrite.php(46): require_once('FCPATH\\index.php')
CRITICAL - 2022-11-21 00:22:34 --> Undefined variable $cart
in APPPATH\Views\front\layouts\nav.php on line 113.
 1 APPPATH\Views\front\layouts\nav.php(113): CodeIgniter\Debug\Exceptions->errorHandler(2, 'Undefined variable $cart', 'APPPATH\\Views\\front\\layouts\\nav.php', 113)
 2 SYSTEMPATH\View\View.php(213): include('APPPATH\\Views\\front\\layouts\\nav.php')
 3 SYSTEMPATH\View\View.php(216): CodeIgniter\View\View->CodeIgniter\View\{closure}()
 4 SYSTEMPATH\View\View.php(431): CodeIgniter\View\View->render('front/layouts/nav', null, true)
 5 APPPATH\Views\front\layouts\layout.php(30): CodeIgniter\View\View->include('front/layouts/nav')
 6 SYSTEMPATH\View\View.php(213): include('APPPATH\\Views\\front\\layouts\\layout.php')
 7 SYSTEMPATH\View\View.php(216): CodeIgniter\View\View->CodeIgniter\View\{closure}()
 8 SYSTEMPATH\View\View.php(229): CodeIgniter\View\View->render('front/layouts/layout', [], true)
 9 SYSTEMPATH\Common.php(1134): CodeIgniter\View\View->render('front/product_detail', [], true)
10 APPPATH\Controllers\FrontProduct.php(54): view('front/product_detail', [...])
11 SYSTEMPATH\CodeIgniter.php(927): App\Controllers\FrontProduct->detail('15')
12 SYSTEMPATH\CodeIgniter.php(482): CodeIgniter\CodeIgniter->runController(Object(App\Controllers\FrontProduct))
13 SYSTEMPATH\CodeIgniter.php(351): CodeIgniter\CodeIgniter->handleRequest(null, Object(Config\Cache), false)
14 FCPATH\index.php(67): CodeIgniter\CodeIgniter->run()
15 SYSTEMPATH\Commands\Server\rewrite.php(46): require_once('FCPATH\\index.php')
CRITICAL - 2022-11-21 00:23:16 --> Undefined variable $cart
in APPPATH\Views\front\layouts\nav.php on line 113.
 1 APPPATH\Views\front\layouts\nav.php(113): CodeIgniter\Debug\Exceptions->errorHandler(2, 'Undefined variable $cart', 'APPPATH\\Views\\front\\layouts\\nav.php', 113)
 2 SYSTEMPATH\View\View.php(213): include('APPPATH\\Views\\front\\layouts\\nav.php')
 3 SYSTEMPATH\View\View.php(216): CodeIgniter\View\View->CodeIgniter\View\{closure}()
 4 SYSTEMPATH\View\View.php(431): CodeIgniter\View\View->render('front/layouts/nav', null, true)
 5 APPPATH\Views\front\layouts\layout.php(30): CodeIgniter\View\View->include('front/layouts/nav')
 6 SYSTEMPATH\View\View.php(213): include('APPPATH\\Views\\front\\layouts\\layout.php')
 7 SYSTEMPATH\View\View.php(216): CodeIgniter\View\View->CodeIgniter\View\{closure}()
 8 SYSTEMPATH\View\View.php(229): CodeIgniter\View\View->render('front/layouts/layout', [], true)
 9 SYSTEMPATH\Common.php(1134): CodeIgniter\View\View->render('front/product_detail', [], true)
10 APPPATH\Controllers\FrontProduct.php(54): view('front/product_detail', [...])
11 SYSTEMPATH\CodeIgniter.php(927): App\Controllers\FrontProduct->detail('15')
12 SYSTEMPATH\CodeIgniter.php(482): CodeIgniter\CodeIgniter->runController(Object(App\Controllers\FrontProduct))
13 SYSTEMPATH\CodeIgniter.php(351): CodeIgniter\CodeIgniter->handleRequest(null, Object(Config\Cache), false)
14 FCPATH\index.php(67): CodeIgniter\CodeIgniter->run()
15 SYSTEMPATH\Commands\Server\rewrite.php(46): require_once('FCPATH\\index.php')
CRITICAL - 2022-11-21 00:26:45 --> Undefined variable $nfoto
in APPPATH\Views\front\product_detail.php on line 15.
 1 APPPATH\Views\front\product_detail.php(15): CodeIgniter\Debug\Exceptions->errorHandler(2, 'Undefined variable $nfoto', 'APPPATH\\Views\\front\\product_detail.php', 15)
 2 SYSTEMPATH\View\View.php(213): include('APPPATH\\Views\\front\\product_detail.php')
 3 SYSTEMPATH\View\View.php(216): CodeIgniter\View\View->CodeIgniter\View\{closure}()
 4 SYSTEMPATH\Common.php(1134): CodeIgniter\View\View->render('front/product_detail', [], true)
 5 APPPATH\Controllers\FrontProduct.php(54): view('front/product_detail', [...])
 6 SYSTEMPATH\CodeIgniter.php(927): App\Controllers\FrontProduct->detail('15')
 7 SYSTEMPATH\CodeIgniter.php(482): CodeIgniter\CodeIgniter->runController(Object(App\Controllers\FrontProduct))
 8 SYSTEMPATH\CodeIgniter.php(351): CodeIgniter\CodeIgniter->handleRequest(null, Object(Config\Cache), false)
 9 FCPATH\index.php(67): CodeIgniter\CodeIgniter->run()
10 SYSTEMPATH\Commands\Server\rewrite.php(46): require_once('FCPATH\\index.php')
